File: /opt/lampp/htdocs/inventory-management-system/assets/plugins/datatables/extensions/Scroller/examples/data/ssp.php

*** resolving literal includes ***


Warning: can't resolve method call (no definition found)
- name:    simple<m>
- call:    /opt/lampp/htdocs/inventory-management-system/assets/plugins/datatables/extensions/Scroller/examples/data/ssp.php:56
Warning: can't find function json_encode
- /opt/lampp/htdocs/inventory-management-system/assets/plugins/datatables/extensions/Scroller/examples/data/ssp.php:55

inclusion iterations:            1
resolved literal includes:       0
resolved non-literal includes:   0
cyclic includes:                 0
not found includes:              1
- /opt/lampp/htdocs/inventory-management-system/assets/plugins/datatables/extensions/Scroller/examples/data/ssp.php:53
   [../../../../examples/server_side/scripts/ssp.class.php]
unresolved non-literal includes: 0



*** initializing alias analysis ***


*** performing alias analysis ***


*** cleaning up ***


Finished.

*** performing taint analysis ***


Finished.

Time: 0 seconds

*** detecting vulnerabilities ***


*****************
XSS Analysis BEGIN
*****************

Number of sinks: 1

XSS Analysis Output
--------------------

Vulnerability detected!
- unconditional
- /opt/lampp/htdocs/inventory-management-system/assets/plugins/datatables/extensions/Scroller/examples/data/ssp.php:55
- Graph: xss1

Total Vuln Count: 1

*****************
XSS Analysis END
*****************


*****************
SQL Analysis BEGIN
*****************

Number of sinks: 0

SQL Analysis Output
--------------------

Total Vuln Count: 0

*****************
SQL Analysis END
*****************

Total Time: 0 seconds


